Log file open, 12/09/21 20:18:52
LogWindows: Failed to load 'aqProf.dll' (GetLastError=126)
LogWindows: File 'aqProf.dll' does not exist
LogWindows: Failed to load 'VtuneApi.dll' (GetLastError=126)
LogWindows: File 'VtuneApi.dll' does not exist
LogWindows: Failed to load 'VtuneApi32e.dll' (GetLastError=126)
LogWindows: File 'VtuneApi32e.dll' does not exist
LogConsoleResponse: Display: Failed to find resolution value strings in scalability ini. Falling back to default.
LogConsoleResponse: Display: Failed to find resolution value strings in scalability ini. Falling back to default.
LogInit: Display: Running engine for game: DeathByDarkness
LogPlatformFile: Not using cached read wrapper
LogTaskGraph: Started task graph with 5 named threads and 23 total threads with 3 sets of task threads.
LogStats: Stats thread started at 0.342700
LogICUInternationalization: ICU TimeZone Detection - Raw Offset: +10:00, Platform Override: ''
LogInit: Display: Loading text-based GConfig....
LogPluginManager: Mounting plugin MeshPainting
LogPluginManager: Mounting plugin XGEController
LogPluginManager: Mounting plugin Paper2D
LogPluginManager: Mounting plugin AISupport
LogPluginManager: Mounting plugin LightPropagationVolume
LogPluginManager: Mounting plugin EnvironmentQueryEditor
LogPluginManager: Mounting plugin LiveLink
LogPluginManager: Mounting plugin GameplayCameras
LogPluginManager: Mounting plugin CameraShakePreviewer
LogPluginManager: Mounting plugin AnimationSharing
LogPluginManager: Mounting plugin CodeLiteSourceCodeAccess
LogPluginManager: Mounting plugin CLionSourceCodeAccess
LogPluginManager: Mounting plugin KDevelopSourceCodeAccess
LogPluginManager: Mounting plugin GitSourceControl
LogPluginManager: Mounting plugin NullSourceCodeAccess
LogPluginManager: Mounting plugin PixWinPlugin
LogPluginManager: Mounting plugin PlasticSourceControl
LogPluginManager: Mounting plugin PerforceSourceControl
LogPluginManager: Mounting plugin PluginUtils
LogPluginManager: Mounting plugin PropertyAccessNode
LogPluginManager: Mounting plugin RiderSourceCodeAccess
LogPluginManager: Mounting plugin SubversionSourceControl
LogPluginManager: Mounting plugin TextureFormatOodle
LogPluginManager: Mounting plugin UObjectPlugin
LogPluginManager: Mounting plugin VisualStudioCodeSourceCodeAccess
LogPluginManager: Mounting plugin VisualStudioSourceCodeAccess
LogPluginManager: Mounting plugin XCodeSourceCodeAccess
LogPluginManager: Mounting plugin AssetManagerEditor
LogPluginManager: Mounting plugin CryptoKeys
LogPluginManager: Mounting plugin DataValidation
LogPluginManager: Mounting plugin CurveEditorTools
LogPluginManager: Mounting plugin GameplayTagsEditor
LogPluginManager: Mounting plugin GeometryMode
LogPluginManager: Mounting plugin MacGraphicsSwitching
LogPluginManager: Mounting plugin MaterialAnalyzer
LogPluginManager: Mounting plugin FacialAnimation
LogPluginManager: Mounting plugin MobileLauncherProfileWizard
LogPluginManager: Mounting plugin PluginBrowser
LogPluginManager: Mounting plugin SpeedTreeImporter
LogPluginManager: Mounting plugin DatasmithContent
LogPluginManager: Mounting plugin OodleData
LogPluginManager: Mounting plugin VariantManagerContent
LogPluginManager: Mounting plugin OodleNetwork
LogPluginManager: Mounting plugin AlembicImporter
LogPluginManager: Mounting plugin AutomationUtils
LogPluginManager: Mounting plugin BackChannel
LogPluginManager: Mounting plugin ChaosClothEditor
LogPluginManager: Mounting plugin ChaosEditor
LogPluginManager: Mounting plugin ChaosNiagara
LogPluginManager: Mounting plugin ChaosSolverPlugin
LogPluginManager: Mounting plugin CharacterAI
LogPluginManager: Mounting plugin ChaosCloth
LogPluginManager: Mounting plugin GeometryCache
LogPluginManager: Mounting plugin GeometryCollectionPlugin
LogPluginManager: Mounting plugin LuminPlatformFeatures
LogPluginManager: Mounting plugin MagicLeap
LogPluginManager: Mounting plugin MagicLeapLightEstimation
LogPluginManager: Mounting plugin GeometryProcessing
LogPluginManager: Mounting plugin MagicLeapMedia
LogPluginManager: Mounting plugin MagicLeapPassableWorld
LogPluginManager: Mounting plugin MLSDK
LogPluginManager: Mounting plugin OpenImageDenoise
LogPluginManager: Mounting plugin MotoSynth
LogPluginManager: Mounting plugin PlatformCrypto
LogPluginManager: Mounting plugin PlanarCut
LogPluginManager: Mounting plugin ProxyLODPlugin
LogPluginManager: Mounting plugin PythonScriptPlugin
LogPluginManager: Mounting plugin SkeletalReduction
LogPluginManager: Mounting plugin Niagara
LogPluginManager: Mounting plugin AssetsCleaner
LogPluginManager: Mounting plugin ActorSequence
LogPluginManager: Mounting plugin LevelSequenceEditor
LogPluginManager: Mounting plugin MatineeToLevelSequence
LogPluginManager: Mounting plugin TemplateSequence
LogPluginManager: Mounting plugin TcpMessaging
LogPluginManager: Mounting plugin UdpMessaging
LogPluginManager: Mounting plugin AndroidMedia
LogPluginManager: Mounting plugin AvfMedia
LogPluginManager: Mounting plugin ImgMedia
LogPluginManager: Mounting plugin MediaCompositing
LogPluginManager: Mounting plugin OnlineSubsystem
LogPluginManager: Mounting plugin OnlineSubsystemNull
LogPluginManager: Mounting plugin OnlineSubsystemUtils
LogPluginManager: Mounting plugin MediaPlayerEditor
LogPluginManager: Mounting plugin WebMMedia
LogPluginManager: Mounting plugin WmfMedia
LogPluginManager: Mounting plugin ActorLayerUtilities
LogPluginManager: Mounting plugin LauncherChunkInstaller
LogPluginManager: Mounting plugin AndroidDeviceProfileSelector
LogPluginManager: Mounting plugin AndroidMoviePlayer
LogPluginManager: Mounting plugin AndroidPermission
LogPluginManager: Mounting plugin AppleMoviePlayer
LogPluginManager: Mounting plugin AppleImageUtils
LogPluginManager: Mounting plugin ArchVisCharacter
LogPluginManager: Mounting plugin AssetTags
LogPluginManager: Mounting plugin AudioSynesthesia
LogPluginManager: Mounting plugin AudioCapture
LogPluginManager: Mounting plugin CableComponent
LogPluginManager: Mounting plugin ChunkDownloader
LogPluginManager: Mounting plugin CustomMeshComponent
LogPluginManager: Mounting plugin EditableMesh
LogPluginManager: Mounting plugin ExampleDeviceProfileSelector
LogPluginManager: Mounting plugin GoogleCloudMessaging
LogPluginManager: Mounting plugin GooglePAD
LogPluginManager: Mounting plugin ScreenshotTools
LogPluginManager: Mounting plugin IOSDeviceProfileSelector
LogPluginManager: Mounting plugin LinuxDeviceProfileSelector
LogPluginManager: Mounting plugin LocationServicesBPLibrary
LogPluginManager: Mounting plugin MicroSoftSpatialSound
LogPluginManager: Mounting plugin MobilePatchingUtils
LogPluginManager: Mounting plugin OpenXR
LogPluginManager: Mounting plugin OpenXREyeTracker
LogPluginManager: Mounting plugin OpenXRHandTracking
LogPluginManager: Mounting plugin PhysXVehicles
LogPluginManager: Mounting plugin Takes
LogPluginManager: Mounting plugin PostSplashScreen
LogPluginManager: Mounting plugin ProceduralMeshComponent
LogPluginManager: Mounting plugin RuntimePhysXCooking
LogPluginManager: Mounting plugin SignificanceManager
LogPluginManager: Mounting plugin PropertyAccessEditor
LogPluginManager: Mounting plugin SoundFields
LogPluginManager: Mounting plugin Synthesis
LogPluginManager: Mounting plugin WebMMoviePlayer
LogPluginManager: Mounting plugin WindowsMoviePlayer
LogPluginManager: Mounting plugin ContentBrowserAssetDataSource
LogPluginManager: Mounting plugin ContentBrowserClassDataSource
LogPluginManager: Mounting plugin ContentBrowserFileDataSource
LogPluginManager: Mounting plugin OnlineSubsystemGooglePlay
LogPluginManager: Mounting plugin OnlineSubsystemIOS
LogPluginManager: Mounting plugin OculusVR
LogPluginManager: Mounting plugin SteamVR
PixWinPlugin: PIX capture plugin failed to initialize! Check that the process is launched from PIX.
LogInit: Using libcurl 7.55.1-DEV
LogInit:  - built for x86_64-pc-win32
LogInit:  - supports SSL with OpenSSL/1.1.1
LogInit:  - supports HTTP deflate (compression) using libz 1.2.8
LogInit:  - other features:
LogInit:      CURL_VERSION_SSL
LogInit:      CURL_VERSION_LIBZ
LogInit:      CURL_VERSION_IPV6
LogInit:      CURL_VERSION_ASYNCHDNS
LogInit:      CURL_VERSION_LARGEFILE
LogInit:      CURL_VERSION_IDN
LogInit:  CurlRequestOptions (configurable via config and command line):
LogInit:  - bVerifyPeer = true  - Libcurl will verify peer certificate
LogInit:  - bUseHttpProxy = false  - Libcurl will NOT use HTTP proxy
LogInit:  - bDontReuseConnections = false  - Libcurl will reuse connections
LogInit:  - MaxHostConnections = 16  - Libcurl will limit the number of connections to a host
LogInit:  - LocalHostAddr = Default
LogInit:  - BufferSize = 65536
LogOnline: OSS: Creating online subsystem instance for: NULL
LogInit: WinSock: version 1.1 (2.2), MaxSocks=32767, MaxUdp=65467
LogOnline: OSS: TryLoadSubsystemAndSetDefault: Loaded subsystem for module [NULL]
LogOculusPluginWrapper: OculusPlugin initialized successfully
LogHMD: Failed initializing OVRPlugin 1.59.0
LogInit: Build: ++UE4+Release-4.27-CL-17735300
LogInit: Engine Version: 4.27.1-17735300+++UE4+Release-4.27
LogInit: Compatible Engine Version: 4.27.0-17155196+++UE4+Release-4.27
LogInit: Net CL: 17155196
LogInit: OS: Windows 10 (Release 2009) (), CPU: Intel(R) Core(TM) i5-8300H CPU @ 2.30GHz, GPU: Intel(R) UHD Graphics 630
LogInit: Compiled (64-bit): Oct  6 2021 14:42:51
LogInit: Compiled with Visual C++: 19.24.28315.00
LogInit: Build Configuration: Development
LogInit: Branch Name: ++UE4+Release-4.27
LogInit: Command Line:  /Game/Main_Level/Main_Menu -game -PIEVIACONSOLE -Multiprocess GameUserSettingsINI=C:/Users/minhn/Documents/GitHub/DeathByDarkness/Saved/Config/Windows/PIEGameUserSettings0.ini -MultiprocessSaveConfig -forcepassthrough -messaging -SessionName="Play in Standalone Game" -windowed -WinX=600 -WinY=310 SAVEWINPOS=1 -ResX=710 -ResY=446
LogInit: Base Directory: C:/Program Files/Epic Games/UE_4.27/Engine/Binaries/Win64/
LogInit: Allocator: TBB
LogInit: Installed Engine Build: 1
LogDevObjectVersion: Number of dev versions registered: 29
LogDevObjectVersion:   Dev-Blueprints (B0D832E4-1F89-4F0D-ACCF-7EB736FD4AA2): 10
LogDevObjectVersion:   Dev-Build (E1C64328-A22C-4D53-A36C-8E866417BD8C): 0
LogDevObjectVersion:   Dev-Core (375EC13C-06E4-48FB-B500-84F0262A717E): 4
LogDevObjectVersion:   Dev-Editor (E4B068ED-F494-42E9-A231-DA0B2E46BB41): 40
LogDevObjectVersion:   Dev-Framework (CFFC743F-43B0-4480-9391-14DF171D2073): 37
LogDevObjectVersion:   Dev-Mobile (B02B49B5-BB20-44E9-A304-32B752E40360): 3
LogDevObjectVersion:   Dev-Networking (A4E4105C-59A1-49B5-A7C5-40C4547EDFEE): 0
LogDevObjectVersion:   Dev-Online (39C831C9-5AE6-47DC-9A44-9C173E1C8E7C): 0
LogDevObjectVersion:   Dev-Physics (78F01B33-EBEA-4F98-B9B4-84EACCB95AA2): 14
LogDevObjectVersion:   Dev-Platform (6631380F-2D4D-43E0-8009-CF276956A95A): 0
LogDevObjectVersion:   Dev-Rendering (12F88B9F-8875-4AFC-A67C-D90C383ABD29): 45
LogDevObjectVersion:   Dev-Sequencer (7B5AE74C-D270-4C10-A958-57980B212A5A): 13
LogDevObjectVersion:   Dev-VR (D7296918-1DD6-4BDD-9DE2-64A83CC13884): 3
LogDevObjectVersion:   Dev-LoadTimes (C2A15278-BFE7-4AFE-6C17-90FF531DF755): 1
LogDevObjectVersion:   Private-Geometry (6EACA3D4-40EC-4CC1-B786-8BED09428FC5): 3
LogDevObjectVersion:   Dev-AnimPhys (29E575DD-E0A3-4627-9D10-D276232CDCEA): 17
LogDevObjectVersion:   Dev-Anim (AF43A65D-7FD3-4947-9873-3E8ED9C1BB05): 15
LogDevObjectVersion:   Dev-ReflectionCapture (6B266CEC-1EC7-4B8F-A30B-E4D90942FC07): 1
LogDevObjectVersion:   Dev-Automation (0DF73D61-A23F-47EA-B727-89E90C41499A): 1
LogDevObjectVersion:   FortniteMain (601D1886-AC64-4F84-AA16-D3DE0DEAC7D6): 47
LogDevObjectVersion:   FortniteRelease (E7086368-6B23-4C58-8439-1B7016265E91): 1
LogDevObjectVersion:   Dev-Enterprise (9DFFBCD6-494F-0158-E221-12823C92A888): 10
LogDevObjectVersion:   Dev-Niagara (F2AED0AC-9AFE-416F-8664-AA7FFA26D6FC): 1
LogDevObjectVersion:   Dev-Destruction (174F1F0B-B4C6-45A5-B13F-2EE8D0FB917D): 10
LogDevObjectVersion:   Dev-Physics-Ext (35F94A83-E258-406C-A318-09F59610247C): 41
LogDevObjectVersion:   Dev-PhysicsMaterial-Chaos (B68FC16E-8B1B-42E2-B453-215C058844FE): 1
LogDevObjectVersion:   Dev-CineCamera (B2E18506-4273-CFC2-A54E-F4BB758BBA07): 1
LogDevObjectVersion:   Dev-VirtualProduction (64F58936-FD1B-42BA-BA96-7289D5D0FA4E): 1
LogDevObjectVersion:   Dev-MediaFramework (6F0ED827-A609-4895-9C91-998D90180EA4): 2
LogInit: Presizing for max 25165824 objects, including 0 objects not considered by GC, pre-allocating 0 bytes for permanent pool.
LogConfig: Applying CVar settings from Section [/Script/Engine.StreamingSettings] File [C:/Users/minhn/Documents/GitHub/DeathByDarkness/Saved/Config/Windows/Engine.ini]
LogConfig: Setting CVar [[s.MinBulkDataSizeForAsyncLoading:131072]]
LogConfig: Setting CVar [[s.AsyncLoadingThreadEnabled:0]]
LogConfig: Setting CVar [[s.EventDrivenLoaderEnabled:1]]
LogConfig: Setting CVar [[s.WarnIfTimeLimitExceeded:0]]
LogConfig: Setting CVar [[s.TimeLimitExceededMultiplier:1.5]]
LogConfig: Setting CVar [[s.TimeLimitExceededMinTime:0.005]]
LogConfig: Setting CVar [[s.UseBackgroundLevelStreaming:1]]
LogConfig: Setting CVar [[s.PriorityAsyncLoadingExtraTime:15.0]]
LogConfig: Setting CVar [[s.LevelStreamingActorsUpdateTimeLimit:5.0]]
LogConfig: Setting CVar [[s.PriorityLevelStreamingActorsUpdateExtraTime:5.0]]
LogConfig: Setting CVar [[s.LevelStreamingComponentsRegistrationGranularity:10]]
LogConfig: Setting CVar [[s.UnregisterComponentsTimeLimit:1.0]]
LogConfig: Setting CVar [[s.LevelStreamingComponentsUnregistrationGranularity:5]]
LogConfig: Setting CVar [[s.FlushStreamingOnExit:1]]
LogInit: Object subsystem initialized
LogConfig: Setting CVar [[con.DebugEarlyDefault:1]]
LogConfig: Setting CVar [[r.setres:1280x720]]
[2021.12.09-09.18.53:163][  0]LogConfig: Setting CVar [[con.DebugEarlyDefault:1]]
[2021.12.09-09.18.53:163][  0]LogConfig: Setting CVar [[r.setres:1280x720]]
[2021.12.09-09.18.53:163][  0]LogConfig: Applying CVar settings from Section [/Script/Engine.RendererSettings] File [C:/Users/minhn/Documents/GitHub/DeathByDarkness/Saved/Config/Windows/Engine.ini]
[2021.12.09-09.18.53:163][  0]LogConfig: Setting CVar [[r.GPUCrashDebugging:0]]
[2021.12.09-09.18.53:163][  0]LogConfig: Setting CVar [[r.GenerateMeshDistanceFields:1]]
[2021.12.09-09.18.53:163][  0]LogConfig: Setting CVar [[r.DefaultFeature.AutoExposure:0]]
[2021.12.09-09.18.53:163][  0]LogConfig: Setting CVar [[r.RayTracing:0]]
[2021.12.09-09.18.53:163][  0]LogConfig: Setting CVar [[r.CustomDepth:3]]
[2021.12.09-09.18.53:163][  0]LogConfig: Applying CVar settings from Section [/Script/Engine.RendererOverrideSettings] File [C:/Users/minhn/Documents/GitHub/DeathByDarkness/Saved/Config/Windows/Engine.ini]
[2021.12.09-09.18.53:163][  0]LogConfig: Applying CVar settings from Section [/Script/Engine.StreamingSettings] File [C:/Users/minhn/Documents/GitHub/DeathByDarkness/Saved/Config/Windows/Engine.ini]
[2021.12.09-09.18.53:163][  0]LogConfig: Setting CVar [[s.MinBulkDataSizeForAsyncLoading:131072]]
[2021.12.09-09.18.53:163][  0]LogConfig: Setting CVar [[s.AsyncLoadingThreadEnabled:0]]
[2021.12.09-09.18.53:163][  0]LogConfig: Setting CVar [[s.EventDrivenLoaderEnabled:1]]
[2021.12.09-09.18.53:163][  0]LogConfig: Setting CVar [[s.WarnIfTimeLimitExceeded:0]]
[2021.12.09-09.18.53:163][  0]LogConfig: Setting CVar [[s.TimeLimitExceededMultiplier:1.5]]
[2021.12.09-09.18.53:163][  0]LogConfig: Setting CVar [[s.TimeLimitExceededMinTime:0.005]]
[2021.12.09-09.18.53:163][  0]LogConfig: Setting CVar [[s.UseBackgroundLevelStreaming:1]]
[2021.12.09-09.18.53:163][  0]LogConfig: Setting CVar [[s.PriorityAsyncLoadingExtraTime:15.0]]
[2021.12.09-09.18.53:163][  0]LogConfig: Setting CVar [[s.LevelStreamingActorsUpdateTimeLimit:5.0]]
[2021.12.09-09.18.53:163][  0]LogConfig: Setting CVar [[s.PriorityLevelStreamingActorsUpdateExtraTime:5.0]]
[2021.12.09-09.18.53:163][  0]LogConfig: Setting CVar [[s.LevelStreamingComponentsRegistrationGranularity:10]]
[2021.12.09-09.18.53:163][  0]LogConfig: Setting CVar [[s.UnregisterComponentsTimeLimit:1.0]]
[2021.12.09-09.18.53:163][  0]LogConfig: Setting CVar [[s.LevelStreamingComponentsUnregistrationGranularity:5]]
[2021.12.09-09.18.53:163][  0]LogConfig: Setting CVar [[s.FlushStreamingOnExit:1]]
[2021.12.09-09.18.53:163][  0]LogConfig: Applying CVar settings from Section [/Script/Engine.GarbageCollectionSettings] File [C:/Users/minhn/Documents/GitHub/DeathByDarkness/Saved/Config/Windows/Engine.ini]
[2021.12.09-09.18.53:163][  0]LogConfig: Setting CVar [[gc.MaxObjectsNotConsideredByGC:1]]
[2021.12.09-09.18.53:163][  0]LogConfig: Setting CVar [[gc.SizeOfPermanentObjectPool:0]]
[2021.12.09-09.18.53:163][  0]LogConfig: Setting CVar [[gc.FlushStreamingOnGC:0]]
[2021.12.09-09.18.53:163][  0]LogConfig: Setting CVar [[gc.NumRetriesBeforeForcingGC:10]]
[2021.12.09-09.18.53:163][  0]LogConfig: Setting CVar [[gc.AllowParallelGC:1]]
[2021.12.09-09.18.53:163][  0]LogConfig: Setting CVar [[gc.TimeBetweenPurgingPendingKillObjects:61.1]]
[2021.12.09-09.18.53:163][  0]LogConfig: Setting CVar [[gc.MaxObjectsInEditor:25165824]]
[2021.12.09-09.18.53:163][  0]LogConfig: Setting CVar [[gc.IncrementalBeginDestroyEnabled:1]]
[2021.12.09-09.18.53:163][  0]LogConfig: Setting CVar [[gc.CreateGCClusters:1]]
[2021.12.09-09.18.53:163][  0]LogConfig: Setting CVar [[gc.MinGCClusterSize:5]]
[2021.12.09-09.18.53:163][  0]LogConfig: Setting CVar [[gc.ActorClusteringEnabled:0]]
[2021.12.09-09.18.53:163][  0]LogConfig: Setting CVar [[gc.BlueprintClusteringEnabled:0]]
[2021.12.09-09.18.53:163][  0]LogConfig: Setting CVar [[gc.UseDisregardForGCOnDedicatedServers:0]]
[2021.12.09-09.18.53:163][  0]LogConfig: Setting CVar [[gc.MultithreadedDestructionEnabled:1]]
[2021.12.09-09.18.53:163][  0]LogConfig: Applying CVar settings from Section [/Script/Engine.NetworkSettings] File [C:/Users/minhn/Documents/GitHub/DeathByDarkness/Saved/Config/Windows/Engine.ini]
[2021.12.09-09.18.53:163][  0]LogConfig: Applying CVar settings from Section [/Script/UnrealEd.CookerSettings] File [C:/Users/minhn/Documents/GitHub/DeathByDarkness/Saved/Config/Windows/Engine.ini]
[2021.12.09-09.18.53:172][  0]LogConfig: Applying CVar settings from Section [ViewDistanceQuality@3] File [C:/Users/minhn/Documents/GitHub/DeathByDarkness/Saved/Config/Windows/Scalability.ini]
[2021.12.09-09.18.53:172][  0]LogConfig: Setting CVar [[r.SkeletalMeshLODBias:0]]
[2021.12.09-09.18.53:172][  0]LogConfig: Setting CVar [[r.ViewDistanceScale:1.0]]
[2021.12.09-09.18.53:172][  0]LogConfig: Applying CVar settings from Section [AntiAliasingQuality@3] File [C:/Users/minhn/Documents/GitHub/DeathByDarkness/Saved/Config/Windows/Scalability.ini]
[2021.12.09-09.18.53:172][  0]LogConfig: Setting CVar [[r.PostProcessAAQuality:4]]
[2021.12.09-09.18.53:172][  0]LogConfig: Applying CVar settings from Section [ShadowQuality@3] File [C:/Users/minhn/Documents/GitHub/DeathByDarkness/Saved/Config/Windows/Scalability.ini]
[2021.12.09-09.18.53:172][  0]LogConfig: Setting CVar [[r.LightFunctionQuality:1]]
[2021.12.09-09.18.53:172][  0]LogConfig: Setting CVar [[r.ShadowQuality:5]]
[2021.12.09-09.18.53:172][  0]LogConfig: Setting CVar [[r.Shadow.CSM.MaxCascades:10]]
[2021.12.09-09.18.53:172][  0]LogConfig: Setting CVar [[r.Shadow.MaxResolution:2048]]
[2021.12.09-09.18.53:172][  0]LogConfig: Setting CVar [[r.Shadow.MaxCSMResolution:2048]]
[2021.12.09-09.18.53:172][  0]LogConfig: Setting CVar [[r.Shadow.RadiusThreshold:0.01]]
[2021.12.09-09.18.53:172][  0]LogConfig: Setting CVar [[r.Shadow.DistanceScale:1.0]]
[2021.12.09-09.18.53:172][  0]LogConfig: Setting CVar [[r.Shadow.CSM.TransitionScale:1.0]]
[2021.12.09-09.18.53:172][  0]LogConfig: Setting CVar [[r.Shadow.PreShadowResolutionFactor:1.0]]
[2021.12.09-09.18.53:172][  0]LogConfig: Setting CVar [[r.DistanceFieldShadowing:1]]
[2021.12.09-09.18.53:172][  0]LogConfig: Setting CVar [[r.DistanceFieldAO:1]]
[2021.12.09-09.18.53:172][  0]LogConfig: Setting CVar [[r.AOQuality:2]]
[2021.12.09-09.18.53:172][  0]LogConfig: Setting CVar [[r.VolumetricFog:1]]
[2021.12.09-09.18.53:172][  0]LogConfig: Setting CVar [[r.VolumetricFog.GridPixelSize:8]]
[2021.12.09-09.18.53:172][  0]LogConfig: Setting CVar [[r.VolumetricFog.GridSizeZ:128]]
[2021.12.09-09.18.53:172][  0]LogConfig: Setting CVar [[r.VolumetricFog.HistoryMissSupersampleCount:4]]
[2021.12.09-09.18.53:172][  0]LogConfig: Setting CVar [[r.LightMaxDrawDistanceScale:1]]
[2021.12.09-09.18.53:172][  0]LogConfig: Setting CVar [[r.CapsuleShadows:1]]
[2021.12.09-09.18.53:172][  0]LogConfig: Applying CVar settings from Section [PostProcessQuality@3] File [C:/Users/minhn/Documents/GitHub/DeathByDarkness/Saved/Config/Windows/Scalability.ini]
[2021.12.09-09.18.53:173][  0]LogConfig: Setting CVar [[r.MotionBlurQuality:4]]
[2021.12.09-09.18.53:173][  0]LogConfig: Setting CVar [[r.AmbientOcclusionMipLevelFactor:0.4]]
[2021.12.09-09.18.53:173][  0]LogConfig: Setting CVar [[r.AmbientOcclusionMaxQuality:100]]
[2021.12.09-09.18.53:173][  0]LogConfig: Setting CVar [[r.AmbientOcclusionLevels:-1]]
[2021.12.09-09.18.53:173][  0]LogConfig: Setting CVar [[r.AmbientOcclusionRadiusScale:1.0]]
[2021.12.09-09.18.53:173][  0]LogConfig: Setting CVar [[r.DepthOfFieldQuality:2]]
[2021.12.09-09.18.53:173][  0]LogConfig: Setting CVar [[r.RenderTargetPoolMin:400]]
[2021.12.09-09.18.53:173][  0]LogConfig: Setting CVar [[r.LensFlareQuality:2]]
[2021.12.09-09.18.53:173][  0]LogConfig: Setting CVar [[r.SceneColorFringeQuality:1]]
[2021.12.09-09.18.53:173][  0]LogConfig: Setting CVar [[r.EyeAdaptationQuality:2]]
[2021.12.09-09.18.53:173][  0]LogConfig: Setting CVar [[r.BloomQuality:5]]
[2021.12.09-09.18.53:173][  0]LogConfig: Setting CVar [[r.FastBlurThreshold:100]]
[2021.12.09-09.18.53:173][  0]LogConfig: Setting CVar [[r.Upscale.Quality:3]]
[2021.12.09-09.18.53:173][  0]LogConfig: Setting CVar [[r.Tonemapper.GrainQuantization:1]]
[2021.12.09-09.18.53:173][  0]LogConfig: Setting CVar [[r.LightShaftQuality:1]]
[2021.12.09-09.18.53:173][  0]LogConfig: Setting CVar [[r.Filter.SizeScale:1]]
[2021.12.09-09.18.53:173][  0]LogConfig: Setting CVar [[r.Tonemapper.Quality:5]]
[2021.12.09-09.18.53:173][  0]LogConfig: Setting CVar [[r.DOF.Gather.AccumulatorQuality:1        ; higher gathering accumulator quality]]
[2021.12.09-09.18.53:173][  0]LogConfig: Setting CVar [[r.DOF.Gather.PostfilterMethod:1          ; Median3x3 postfilering method]]
[2021.12.09-09.18.53:173][  0]LogConfig: Setting CVar [[r.DOF.Gather.EnableBokehSettings:0       ; no bokeh simulation when gathering]]
[2021.12.09-09.18.53:173][  0]LogConfig: Setting CVar [[r.DOF.Gather.RingCount:4                 ; medium number of samples when gathering]]
[2021.12.09-09.18.53:173][  0]LogConfig: Setting CVar [[r.DOF.Scatter.ForegroundCompositing:1    ; additive foreground scattering]]
[2021.12.09-09.18.53:173][  0]LogConfig: Setting CVar [[r.DOF.Scatter.BackgroundCompositing:2    ; additive background scattering]]
[2021.12.09-09.18.53:173][  0]LogConfig: Setting CVar [[r.DOF.Scatter.EnableBokehSettings:1      ; bokeh simulation when scattering]]
[2021.12.09-09.18.53:173][  0]LogConfig: Setting CVar [[r.DOF.Scatter.MaxSpriteRatio:0.1         ; only a maximum of 10% of scattered bokeh]]
[2021.12.09-09.18.53:173][  0]LogConfig: Setting CVar [[r.DOF.Recombine.Quality:1                ; cheap slight out of focus]]
[2021.12.09-09.18.53:173][  0]LogConfig: Setting CVar [[r.DOF.Recombine.EnableBokehSettings:0    ; no bokeh simulation on slight out of focus]]
[2021.12.09-09.18.53:173][  0]LogConfig: Setting CVar [[r.DOF.TemporalAAQuality:1                ; more stable temporal accumulation]]
[2021.12.09-09.18.53:173][  0]LogConfig: Setting CVar [[r.DOF.Kernel.MaxForegroundRadius:0.025]]
[2021.12.09-09.18.53:173][  0]LogConfig: Setting CVar [[r.DOF.Kernel.MaxBackgroundRadius:0.025]]
[2021.12.09-09.18.53:173][  0]LogConfig: Applying CVar settings from Section [TextureQuality@3] File [C:/Users/minhn/Documents/GitHub/DeathByDarkness/Saved/Config/Windows/Scalability.ini]
[2021.12.09-09.18.53:173][  0]LogConfig: Setting CVar [[r.Streaming.MipBias:0]]
[2021.12.09-09.18.53:173][  0]LogConfig: Setting CVar [[r.Streaming.AmortizeCPUToGPUCopy:0]]
[2021.12.09-09.18.53:173][  0]LogConfig: Setting CVar [[r.Streaming.MaxNumTexturesToStreamPerFrame:0]]
[2021.12.09-09.18.53:173][  0]LogConfig: Setting CVar [[r.Streaming.Boost:1]]
[2021.12.09-09.18.53:173][  0]LogConfig: Setting CVar [[r.MaxAnisotropy:8]]
[2021.12.09-09.18.53:173][  0]LogConfig: Setting CVar [[r.VT.MaxAnisotropy:8]]
[2021.12.09-09.18.53:173][  0]LogConfig: Setting CVar [[r.Streaming.LimitPoolSizeToVRAM:0]]
[2021.12.09-09.18.53:173][  0]LogConfig: Setting CVar [[r.Streaming.PoolSize:1000]]
[2021.12.09-09.18.53:173][  0]LogConfig: Setting CVar [[r.Streaming.MaxEffectiveScreenSize:0]]
[2021.12.09-09.18.53:173][  0]LogConfig: Applying CVar settings from Section [EffectsQuality@3] File [C:/Users/minhn/Documents/GitHub/DeathByDarkness/Saved/Config/Windows/Scalability.ini]
[2021.12.09-09.18.53:173][  0]LogConfig: Setting CVar [[r.TranslucencyLightingVolumeDim:64]]
[2021.12.09-09.18.53:173][  0]LogConfig: Setting CVar [[r.RefractionQuality:2]]
[2021.12.09-09.18.53:173][  0]LogConfig: Setting CVar [[r.SSR.Quality:3]]
[2021.12.09-09.18.53:173][  0]LogConfig: Setting CVar [[r.SSR.HalfResSceneColor:0]]
[2021.12.09-09.18.53:173][  0]LogConfig: Setting CVar [[r.SceneColorFormat:4]]
[2021.12.09-09.18.53:173][  0]LogConfig: Setting CVar [[r.DetailMode:2]]
[2021.12.09-09.18.53:173][  0]LogConfig: Setting CVar [[r.TranslucencyVolumeBlur:1]]
[2021.12.09-09.18.53:173][  0]LogConfig: Setting CVar [[r.MaterialQualityLevel:1 ; High quality]]
[2021.12.09-09.18.53:173][  0]LogConfig: Setting CVar [[r.AnisotropicMaterials:1]]
[2021.12.09-09.18.53:173][  0]LogConfig: Setting CVar [[r.SSS.Scale:1]]
[2021.12.09-09.18.53:173][  0]LogConfig: Setting CVar [[r.SSS.SampleSet:2]]
[2021.12.09-09.18.53:173][  0]LogConfig: Setting CVar [[r.SSS.Quality:1]]
[2021.12.09-09.18.53:173][  0]LogConfig: Setting CVar [[r.SSS.HalfRes:0]]
[2021.12.09-09.18.53:173][  0]LogConfig: Setting CVar [[r.SSGI.Quality:3]]
[2021.12.09-09.18.53:173][  0]LogConfig: Setting CVar [[r.EmitterSpawnRateScale:1.0]]
[2021.12.09-09.18.53:173][  0]LogConfig: Setting CVar [[r.ParticleLightQuality:2]]
[2021.12.09-09.18.53:173][  0]LogConfig: Setting CVar [[r.SkyAtmosphere.AerialPerspectiveLUT.FastApplyOnOpaque:1 ; Always have FastSkyLUT 1 in this case to avoid wrong sky]]
[2021.12.09-09.18.53:173][  0]LogConfig: Setting CVar [[r.SkyAtmosphere.AerialPerspectiveLUT.SampleCountMaxPerSlice:4]]
[2021.12.09-09.18.53:173][  0]LogConfig: Setting CVar [[r.SkyAtmosphere.AerialPerspectiveLUT.DepthResolution:16.0]]
[2021.12.09-09.18.53:173][  0]LogConfig: Setting CVar [[r.SkyAtmosphere.FastSkyLUT:1]]
[2021.12.09-09.18.53:173][  0]LogConfig: Setting CVar [[r.SkyAtmosphere.FastSkyLUT.SampleCountMin:4.0]]
[2021.12.09-09.18.53:173][  0]LogConfig: Setting CVar [[r.SkyAtmosphere.FastSkyLUT.SampleCountMax:128.0]]
[2021.12.09-09.18.53:173][  0]LogConfig: Setting CVar [[r.SkyAtmosphere.SampleCountMin:4.0]]
[2021.12.09-09.18.53:173][  0]LogConfig: Setting CVar [[r.SkyAtmosphere.SampleCountMax:128.0]]
[2021.12.09-09.18.53:173][  0]LogConfig: Setting CVar [[r.SkyAtmosphere.TransmittanceLUT.UseSmallFormat:0]]
[2021.12.09-09.18.53:173][  0]LogConfig: Setting CVar [[r.SkyAtmosphere.TransmittanceLUT.SampleCount:10.0]]
[2021.12.09-09.18.53:173][  0]LogConfig: Setting CVar [[r.SkyAtmosphere.MultiScatteringLUT.SampleCount:15.0]]
[2021.12.09-09.18.53:173][  0]LogConfig: Setting CVar [[r.SkyLight.RealTimeReflectionCapture:1]]
[2021.12.09-09.18.53:173][  0]LogConfig: Applying CVar settings from Section [FoliageQuality@3] File [C:/Users/minhn/Documents/GitHub/DeathByDarkness/Saved/Config/Windows/Scalability.ini]
[2021.12.09-09.18.53:173][  0]LogConfig: Setting CVar [[foliage.DensityScale:1.0]]
[2021.12.09-09.18.53:173][  0]LogConfig: Setting CVar [[grass.DensityScale:1.0]]
[2021.12.09-09.18.53:173][  0]LogConfig: Applying CVar settings from Section [ShadingQuality@3] File [C:/Users/minhn/Documents/GitHub/DeathByDarkness/Saved/Config/Windows/Scalability.ini]
[2021.12.09-09.18.53:173][  0]LogConfig: Setting CVar [[r.HairStrands.SkyLighting.IntegrationType:2]]
[2021.12.09-09.18.53:173][  0]LogConfig: Setting CVar [[r.HairStrands.SkyAO.SampleCount:4]]
[2021.12.09-09.18.53:173][  0]LogConfig: Setting CVar [[r.HairStrands.Visibility.MSAA.SamplePerPixel:4]]
[2021.12.09-09.18.53:173][  0]LogInit: Selected Device Profile: [Windows]
[2021.12.09-09.18.53:173][  0]LogInit: Applying CVar settings loaded from the selected device profile: [Windows]
[2021.12.09-09.18.53:174][  0]LogHAL: Display: Platform has ~ 8 GB [8424574976 / 8589934592 / 8], which maps to Default [LargestMinGB=32, LargerMinGB=12, DefaultMinGB=8, SmallerMinGB=6, SmallestMinGB=0)
[2021.12.09-09.18.53:174][  0]LogInit: Going up to parent DeviceProfile []
[2021.12.09-09.18.53:174][  0]LogConfig: Applying CVar settings from Section [ViewDistanceQuality@3] File [C:/Users/minhn/Documents/GitHub/DeathByDarkness/Saved/Config/Windows/Scalability.ini]
[2021.12.09-09.18.53:174][  0]LogConfig: Setting CVar [[r.SkeletalMeshLODBias:0]]
[2021.12.09-09.18.53:174][  0]LogConfig: Setting CVar [[r.ViewDistanceScale:1.0]]
[2021.12.09-09.18.53:174][  0]LogConfig: Applying CVar settings from Section [AntiAliasingQuality@3] File [C:/Users/minhn/Documents/GitHub/DeathByDarkness/Saved/Config/Windows/Scalability.ini]
[2021.12.09-09.18.53:174][  0]LogConfig: Setting CVar [[r.PostProcessAAQuality:4]]
[2021.12.09-09.18.53:174][  0]LogConfig: Applying CVar settings from Section [ShadowQuality@3] File [C:/Users/minhn/Documents/GitHub/DeathByDarkness/Saved/Config/Windows/Scalability.ini]
[2021.12.09-09.18.53:174][  0]LogConfig: Setting CVar [[r.LightFunctionQuality:1]]
[2021.12.09-09.18.53:174][  0]LogConfig: Setting CVar [[r.ShadowQuality:5]]
[2021.12.09-09.18.53:174][  0]LogConfig: Setting CVar [[r.Shadow.CSM.MaxCascades:10]]
[2021.12.09-09.18.53:174][  0]LogConfig: Setting CVar [[r.Shadow.MaxResolution:2048]]
[2021.12.09-09.18.53:174][  0]LogConfig: Setting CVar [[r.Shadow.MaxCSMResolution:2048]]
[2021.12.09-09.18.53:174][  0]LogConfig: Setting CVar [[r.Shadow.RadiusThreshold:0.01]]
[2021.12.09-09.18.53:174][  0]LogConfig: Setting CVar [[r.Shadow.DistanceScale:1.0]]
[2021.12.09-09.18.53:174][  0]LogConfig: Setting CVar [[r.Shadow.CSM.TransitionScale:1.0]]
[2021.12.09-09.18.53:174][  0]LogConfig: Setting CVar [[r.Shadow.PreShadowResolutionFactor:1.0]]
[2021.12.09-09.18.53:174][  0]LogConfig: Setting CVar [[r.DistanceFieldShadowing:1]]
[2021.12.09-09.18.53:174][  0]LogConfig: Setting CVar [[r.DistanceFieldAO:1]]
[2021.12.09-09.18.53:174][  0]LogConfig: Setting CVar [[r.AOQuality:2]]
[2021.12.09-09.18.53:174][  0]LogConfig: Setting CVar [[r.VolumetricFog:1]]
[2021.12.09-09.18.53:174][  0]LogConfig: Setting CVar [[r.VolumetricFog.GridPixelSize:8]]
[2021.12.09-09.18.53:174][  0]LogConfig: Setting CVar [[r.VolumetricFog.GridSizeZ:128]]
[2021.12.09-09.18.53:174][  0]LogConfig: Setting CVar [[r.VolumetricFog.HistoryMissSupersampleCount:4]]
[2021.12.09-09.18.53:174][  0]LogConfig: Setting CVar [[r.LightMaxDrawDistanceScale:1]]
[2021.12.09-09.18.53:174][  0]LogConfig: Setting CVar [[r.CapsuleShadows:1]]
[2021.12.09-09.18.53:174][  0]LogConfig: Applying CVar settings from Section [PostProcessQuality@3] File [C:/Users/minhn/Documents/GitHub/DeathByDarkness/Saved/Config/Windows/Scalability.ini]
[2021.12.09-09.18.53:174][  0]LogConfig: Setting CVar [[r.MotionBlurQuality:4]]
[2021.12.09-09.18.53:174][  0]LogConfig: Setting CVar [[r.AmbientOcclusionMipLevelFactor:0.4]]
[2021.12.09-09.18.53:174][  0]LogConfig: Setting CVar [[r.AmbientOcclusionMaxQuality:100]]
[2021.12.09-09.18.53:174][  0]LogConfig: Setting CVar [[r.AmbientOcclusionLevels:-1]]
[2021.12.09-09.18.53:174][  0]LogConfig: Setting CVar [[r.AmbientOcclusionRadiusScale:1.0]]
[2021.12.09-09.18.53:174][  0]LogConfig: Setting CVar [[r.DepthOfFieldQuality:2]]
[2021.12.09-09.18.53:174][  0]LogConfig: Setting CVar [[r.RenderTargetPoolMin:400]]
[2021.12.09-09.18.53:174][  0]LogConfig: Setting CVar [[r.LensFlareQuality:2]]
[2021.12.09-09.18.53:174][  0]LogConfig: Setting CVar [[r.SceneColorFringeQuality:1]]
[2021.12.09-09.18.53:174][  0]LogConfig: Setting CVar [[r.EyeAdaptationQuality:2]]
[2021.12.09-09.18.53:174][  0]LogConfig: Setting CVar [[r.BloomQuality:5]]
[2021.12.09-09.18.53:174][  0]LogConfig: Setting CVar [[r.FastBlurThreshold:100]]
[2021.12.09-09.18.53:174][  0]LogConfig: Setting CVar [[r.Upscale.Quality:3]]
[2021.12.09-09.18.53:174][  0]LogConfig: Setting CVar [[r.Tonemapper.GrainQuantization:1]]
[2021.12.09-09.18.53:174][  0]LogConfig: Setting CVar [[r.LightShaftQuality:1]]
[2021.12.09-09.18.53:174][  0]LogConfig: Setting CVar [[r.Filter.SizeScale:1]]
[2021.12.09-09.18.53:174][  0]LogConfig: Setting CVar [[r.Tonemapper.Quality:5]]
[2021.12.09-09.18.53:174][  0]LogConfig: Setting CVar [[r.DOF.Gather.AccumulatorQuality:1        ; higher gathering accumulator quality]]
[2021.12.09-09.18.53:174][  0]LogConfig: Setting CVar [[r.DOF.Gather.PostfilterMethod:1          ; Median3x3 postfilering method]]
[2021.12.09-09.18.53:174][  0]LogConfig: Setting CVar [[r.DOF.Gather.EnableBokehSettings:0       ; no bokeh simulation when gathering]]
[2021.12.09-09.18.53:174][  0]LogConfig: Setting CVar [[r.DOF.Gather.RingCount:4                 ; medium number of samples when gathering]]
[2021.12.09-09.18.53:174][  0]LogConfig: Setting CVar [[r.DOF.Scatter.ForegroundCompositing:1    ; additive foreground scattering]]
[2021.12.09-09.18.53:174][  0]LogConfig: Setting CVar [[r.DOF.Scatter.BackgroundCompositing:2    ; additive background scattering]]
[2021.12.09-09.18.53:174][  0]LogConfig: Setting CVar [[r.DOF.Scatter.EnableBokehSettings:1      ; bokeh simulation when scattering]]
[2021.12.09-09.18.53:174][  0]LogConfig: Setting CVar [[r.DOF.Scatter.MaxSpriteRatio:0.1         ; only a maximum of 10% of scattered bokeh]]
[2021.12.09-09.18.53:174][  0]LogConfig: Setting CVar [[r.DOF.Recombine.Quality:1                ; cheap slight out of focus]]
[2021.12.09-09.18.53:174][  0]LogConfig: Setting CVar [[r.DOF.Recombine.EnableBokehSettings:0    ; no bokeh simulation on slight out of focus]]
[2021.12.09-09.18.53:174][  0]LogConfig: Setting CVar [[r.DOF.TemporalAAQuality:1                ; more stable temporal accumulation]]
[2021.12.09-09.18.53:174][  0]LogConfig: Setting CVar [[r.DOF.Kernel.MaxForegroundRadius:0.025]]
[2021.12.09-09.18.53:174][  0]LogConfig: Setting CVar [[r.DOF.Kernel.MaxBackgroundRadius:0.025]]
[2021.12.09-09.18.53:174][  0]LogConfig: Applying CVar settings from Section [TextureQuality@3] File [C:/Users/minhn/Documents/GitHub/DeathByDarkness/Saved/Config/Windows/Scalability.ini]
[2021.12.09-09.18.53:174][  0]LogConfig: Setting CVar [[r.Streaming.MipBias:0]]
[2021.12.09-09.18.53:174][  0]LogConfig: Setting CVar [[r.Streaming.AmortizeCPUToGPUCopy:0]]
[2021.12.09-09.18.53:174][  0]LogConfig: Setting CVar [[r.Streaming.MaxNumTexturesToStreamPerFrame:0]]
[2021.12.09-09.18.53:174][  0]LogConfig: Setting CVar [[r.Streaming.Boost:1]]
[2021.12.09-09.18.53:174][  0]LogConfig: Setting CVar [[r.MaxAnisotropy:8]]
[2021.12.09-09.18.53:174][  0]LogConfig: Setting CVar [[r.VT.MaxAnisotropy:8]]
[2021.12.09-09.18.53:174][  0]LogConfig: Setting CVar [[r.Streaming.LimitPoolSizeToVRAM:0]]
[2021.12.09-09.18.53:174][  0]LogConfig: Setting CVar [[r.Streaming.PoolSize:1000]]
[2021.12.09-09.18.53:174][  0]LogConfig: Setting CVar [[r.Streaming.MaxEffectiveScreenSize:0]]
[2021.12.09-09.18.53:174][  0]LogConfig: Applying CVar settings from Section [EffectsQuality@3] File [C:/Users/minhn/Documents/GitHub/DeathByDarkness/Saved/Config/Windows/Scalability.ini]
[2021.12.09-09.18.53:174][  0]LogConfig: Setting CVar [[r.TranslucencyLightingVolumeDim:64]]
[2021.12.09-09.18.53:174][  0]LogConfig: Setting CVar [[r.RefractionQuality:2]]
[2021.12.09-09.18.53:174][  0]LogConfig: Setting CVar [[r.SSR.Quality:3]]
[2021.12.09-09.18.53:174][  0]LogConfig: Setting CVar [[r.SSR.HalfResSceneColor:0]]
[2021.12.09-09.18.53:174][  0]LogConfig: Setting CVar [[r.SceneColorFormat:4]]
[2021.12.09-09.18.53:174][  0]LogConfig: Setting CVar [[r.DetailMode:2]]
[2021.12.09-09.18.53:174][  0]LogConfig: Setting CVar [[r.TranslucencyVolumeBlur:1]]
[2021.12.09-09.18.53:174][  0]LogConfig: Setting CVar [[r.MaterialQualityLevel:1 ; High quality]]
[2021.12.09-09.18.53:174][  0]LogConfig: Setting CVar [[r.AnisotropicMaterials:1]]
[2021.12.09-09.18.53:174][  0]LogConfig: Setting CVar [[r.SSS.Scale:1]]
[2021.12.09-09.18.53:174][  0]LogConfig: Setting CVar [[r.SSS.SampleSet:2]]
[2021.12.09-09.18.53:175][  0]LogConfig: Setting CVar [[r.SSS.Quality:1]]
[2021.12.09-09.18.53:175][  0]LogConfig: Setting CVar [[r.SSS.HalfRes:0]]
[2021.12.09-09.18.53:175][  0]LogConfig: Setting CVar [[r.SSGI.Quality:3]]
[2021.12.09-09.18.53:175][  0]LogConfig: Setting CVar [[r.EmitterSpawnRateScale:1.0]]
[2021.12.09-09.18.53:175][  0]LogConfig: Setting CVar [[r.ParticleLightQuality:2]]
[2021.12.09-09.18.53:175][  0]LogConfig: Setting CVar [[r.SkyAtmosphere.AerialPerspectiveLUT.FastApplyOnOpaque:1 ; Always have FastSkyLUT 1 in this case to avoid wrong sky]]
[2021.12.09-09.18.53:175][  0]LogConfig: Setting CVar [[r.SkyAtmosphere.AerialPerspectiveLUT.SampleCountMaxPerSlice:4]]
[2021.12.09-09.18.53:175][  0]LogConfig: Setting CVar [[r.SkyAtmosphere.AerialPerspectiveLUT.DepthResolution:16.0]]
[2021.12.09-09.18.53:175][  0]LogConfig: Setting CVar [[r.SkyAtmosphere.FastSkyLUT:1]]
[2021.12.09-09.18.53:175][  0]LogConfig: Setting CVar [[r.SkyAtmosphere.FastSkyLUT.SampleCountMin:4.0]]
[2021.12.09-09.18.53:175][  0]LogConfig: Setting CVar [[r.SkyAtmosphere.FastSkyLUT.SampleCountMax:128.0]]
[2021.12.09-09.18.53:175][  0]LogConfig: Setting CVar [[r.SkyAtmosphere.SampleCountMin:4.0]]
[2021.12.09-09.18.53:175][  0]LogConfig: Setting CVar [[r.SkyAtmosphere.SampleCountMax:128.0]]
[2021.12.09-09.18.53:175][  0]LogConfig: Setting CVar [[r.SkyAtmosphere.TransmittanceLUT.UseSmallFormat:0]]
[2021.12.09-09.18.53:175][  0]LogConfig: Setting CVar [[r.SkyAtmosphere.TransmittanceLUT.SampleCount:10.0]]
[2021.12.09-09.18.53:175][  0]LogConfig: Setting CVar [[r.SkyAtmosphere.MultiScatteringLUT.SampleCount:15.0]]
[2021.12.09-09.18.53:175][  0]LogConfig: Setting CVar [[r.SkyLight.RealTimeReflectionCapture:1]]
[2021.12.09-09.18.53:175][  0]LogConfig: Applying CVar settings from Section [FoliageQuality@3] File [C:/Users/minhn/Documents/GitHub/DeathByDarkness/Saved/Config/Windows/Scalability.ini]
[2021.12.09-09.18.53:175][  0]LogConfig: Setting CVar [[foliage.DensityScale:1.0]]
[2021.12.09-09.18.53:175][  0]LogConfig: Setting CVar [[grass.DensityScale:1.0]]
[2021.12.09-09.18.53:175][  0]LogConfig: Applying CVar settings from Section [ShadingQuality@3] File [C:/Users/minhn/Documents/GitHub/DeathByDarkness/Saved/Config/Windows/Scalability.ini]
[2021.12.09-09.18.53:175][  0]LogConfig: Setting CVar [[r.HairStrands.SkyLighting.IntegrationType:2]]
[2021.12.09-09.18.53:175][  0]LogConfig: Setting CVar [[r.HairStrands.SkyAO.SampleCount:4]]
[2021.12.09-09.18.53:175][  0]LogConfig: Setting CVar [[r.HairStrands.Visibility.MSAA.SamplePerPixel:4]]
[2021.12.09-09.18.53:175][  0]LogConfig: Applying CVar settings from Section [Startup] File [../../../Engine/Config/ConsoleVariables.ini]
[2021.12.09-09.18.53:175][  0]LogConfig: Setting CVar [[net.UseAdaptiveNetUpdateFrequency:0]]
[2021.12.09-09.18.53:176][  0]LogConfig: Setting CVar [[p.chaos.AllowCreatePhysxBodies:1]]
[2021.12.09-09.18.53:176][  0]LogConfig: Setting CVar [[fx.SkipVectorVMBackendOptimizations:1]]
[2021.12.09-09.18.53:176][  0]LogConfig: Applying CVar settings from Section [ConsoleVariables] File [C:/Users/minhn/Documents/GitHub/DeathByDarkness/Saved/Config/Windows/Engine.ini]
[2021.12.09-09.18.53:176][  0]LogConfig: Applying CVar settings from Section [ConsoleVariables] File [C:/Users/minhn/Documents/GitHub/DeathByDarkness/Saved/Config/Windows/Editor.ini]
[2021.12.09-09.18.53:176][  0]LogInit: Computer: DESKTOP-T9A3RBD
[2021.12.09-09.18.53:176][  0]LogInit: User: minhn
[2021.12.09-09.18.53:176][  0]LogInit: CPU Page size=4096, Cores=4
[2021.12.09-09.18.53:176][  0]LogInit: High frequency timer resolution =10.000000 MHz
[2021.12.09-09.18.53:176][  0]LogMemory: Memory total: Physical=7.8GB (8GB approx)
[2021.12.09-09.18.53:176][  0]LogMemory: Platform Memory Stats for Windows
[2021.12.09-09.18.53:176][  0]LogMemory: Process Physical Memory: 144.91 MB used, 144.91 MB peak
[2021.12.09-09.18.53:176][  0]LogMemory: Process Virtual Memory: 129.44 MB used, 129.44 MB peak
[2021.12.09-09.18.53:176][  0]LogMemory: Physical Memory: 6939.93 MB used,  1094.37 MB free, 8034.30 MB total
[2021.12.09-09.18.53:176][  0]LogMemory: Virtual Memory: 134215448.00 MB used,  2275.97 MB free, 134217728.00 MB total
[2021.12.09-09.18.53:179][  0]LogWindows: WindowsPlatformFeatures enabled
[2021.12.09-09.18.53:232][  0]LogInit: Physics initialised using underlying interface: PhysX
[2021.12.09-09.18.53:233][  0]LogInit: Using OS detected language (en-US).
[2021.12.09-09.18.53:233][  0]LogInit: Using OS detected locale (en-AU).
[2021.12.09-09.18.53:242][  0]LogTextLocalizationManager: No specific localization for 'en-US' exists, so the 'en' localization will be used.
[2021.12.09-09.18.53:537][  0]LogWindowsTextInputMethodSystem: Display: IME system deactivated.
[2021.12.09-09.18.53:551][  0]LogSlate: New Slate User Created.  User Index 0, Is Virtual User: 0
[2021.12.09-09.18.53:551][  0]LogSlate: Slate User Registered.  User Index 0, Is Virtual User: 0
[2021.12.09-09.18.53:565][  0]LogD3D11RHI: Loaded GFSDK_Aftermath_Lib.x64.dll
[2021.12.09-09.18.53:606][  0]LogHMD: Failed to initialize OpenVR with code 110
[2021.12.09-09.18.53:606][  0]LogD3D11RHI: D3D11 min allowed feature level: 11_0
[2021.12.09-09.18.53:607][  0]LogD3D11RHI: D3D11 max allowed feature level: 11_0
[2021.12.09-09.18.53:607][  0]LogD3D11RHI: D3D11 adapters:
[2021.12.09-09.18.53:692][  0]LogD3D11RHI:    0. 'NVIDIA GeForce GTX 1050' (Feature Level 11_0)
[2021.12.09-09.18.53:692][  0]LogD3D11RHI:       4019/0/4017 MB DedicatedVideo/DedicatedSystem/SharedSystem, Outputs:1, VendorId:0x10de
[2021.12.09-09.18.53:711][  0]LogD3D11RHI:    1. 'Intel(R) UHD Graphics 630' (Feature Level 11_0)
[2021.12.09-09.18.53:711][  0]LogD3D11RHI:       128/0/4017 MB DedicatedVideo/DedicatedSystem/SharedSystem, Outputs:0, VendorId:0x8086
[2021.12.09-09.18.53:713][  0]LogD3D11RHI:    2. 'Microsoft Basic Render Driver' (Feature Level 11_0)
[2021.12.09-09.18.53:713][  0]LogD3D11RHI:       0/0/4017 MB DedicatedVideo/DedicatedSystem/SharedSystem, Outputs:0, VendorId:0x1414
[2021.12.09-09.18.53:713][  0]LogD3D11RHI: Chosen D3D11 Adapter:
[2021.12.09-09.18.53:713][  0]LogD3D11RHI:     Description : NVIDIA GeForce GTX 1050
[2021.12.09-09.18.53:713][  0]LogD3D11RHI:     VendorId    : 10de
[2021.12.09-09.18.53:713][  0]LogD3D11RHI:     DeviceId    : 1c8d
[2021.12.09-09.18.53:713][  0]LogD3D11RHI:     SubSysId    : 12651025
[2021.12.09-09.18.53:713][  0]LogD3D11RHI:     Revision    : 00a1
[2021.12.09-09.18.53:713][  0]LogD3D11RHI:     DedicatedVideoMemory : 4214226944 bytes
[2021.12.09-09.18.53:713][  0]LogD3D11RHI:     DedicatedSystemMemory : 0 bytes
[2021.12.09-09.18.53:713][  0]LogD3D11RHI:     SharedSystemMemory : 4212287488 bytes
[2021.12.09-09.18.53:713][  0]LogD3D11RHI:     AdapterLuid : 0 51132
[2021.12.09-09.18.53:719][  0]LogD3D11RHI: Creating new Direct3DDevice
[2021.12.09-09.18.53:719][  0]LogD3D11RHI:     GPU DeviceId: 0x1c8d (for the marketing name, search the web for "GPU Device Id")
[2021.12.09-09.18.53:719][  0]LogWindows: EnumDisplayDevices:
[2021.12.09-09.18.53:719][  0]LogWindows:    0. 'Intel(R) UHD Graphics 630' (P:1 D:1)
[2021.12.09-09.18.53:719][  0]LogWindows:    1. 'Intel(R) UHD Graphics 630' (P:0 D:0)
[2021.12.09-09.18.53:719][  0]LogWindows:    2. 'Intel(R) UHD Graphics 630' (P:0 D:0)
[2021.12.09-09.18.53:720][  0]LogWindows:    3. 'NVIDIA GeForce GTX 1050' (P:0 D:0)
[2021.12.09-09.18.53:720][  0]LogWindows: DebugString: PrimaryIsNotTheChoosenAdapter PrimaryIsNotTheChoosenAdapter PrimaryIsNotTheChoosenAdapter 
[2021.12.09-09.18.53:720][  0]LogD3D11RHI:     Adapter Name: NVIDIA GeForce GTX 1050
[2021.12.09-09.18.53:720][  0]LogD3D11RHI:   Driver Version: 497.09 (internal:30.0.14.9709, unified:497.09)
[2021.12.09-09.18.53:720][  0]LogD3D11RHI:      Driver Date: 11-26-2021
[2021.12.09-09.18.53:720][  0]LogRHI: Texture pool is 2813 MB (70% of 4019 MB)
[2021.12.09-09.18.53:720][  0]LogD3D11RHI: Creating D3DDevice using adapter:
[2021.12.09-09.18.53:720][  0]LogD3D11RHI:     Description : NVIDIA GeForce GTX 1050
[2021.12.09-09.18.53:720][  0]LogD3D11RHI:     VendorId    : 10de
[2021.12.09-09.18.53:720][  0]LogD3D11RHI:     DeviceId    : 1c8d
[2021.12.09-09.18.53:720][  0]LogD3D11RHI:     SubSysId    : 12651025
[2021.12.09-09.18.53:720][  0]LogD3D11RHI:     Revision    : 00a1
[2021.12.09-09.18.53:720][  0]LogD3D11RHI:     DedicatedVideoMemory : 4214226944 bytes
[2021.12.09-09.18.53:720][  0]LogD3D11RHI:     DedicatedSystemMemory : 0 bytes
[2021.12.09-09.18.53:720][  0]LogD3D11RHI:     SharedSystemMemory : 4212287488 bytes
[2021.12.09-09.18.53:720][  0]LogD3D11RHI:     AdapterLuid : 0 51132
[2021.12.09-09.18.53:775][  0]LogD3D11RHI: RHI has support for 64 bit atomics
[2021.12.09-09.18.53:775][  0]LogD3D11RHI: Async texture creation enabled
[2021.12.09-09.18.53:775][  0]LogD3D11RHI: Array index from any shader is supported
[2021.12.09-09.18.53:790][  0]LogD3D11RHI: GPU Timing Frequency: 1000.000000 (Debug: 2 1)
[2021.12.09-09.18.53:824][  0]LogRHI: GeForceNow SDK initialized: 1
[2021.12.09-09.18.54:188][  0]LogTargetPlatformManager: Display: Loaded TargetPlatform 'WindowsNoEditor'
[2021.12.09-09.18.54:193][  0]LogTargetPlatformManager: Display: Loaded TargetPlatform 'Windows'
[2021.12.09-09.18.54:197][  0]LogTargetPlatformManager: Display: Loaded TargetPlatform 'WindowsClient'
[2021.12.09-09.18.54:201][  0]LogTargetPlatformManager: Display: Loaded TargetPlatform 'WindowsServer'
[2021.12.09-09.18.54:201][  0]LogTargetPlatformManager: Display: Building Assets For Windows
[2021.12.09-09.18.54:211][  0]LogAudioDebug: Display: Lib vorbis DLL was dynamically loaded.
[2021.12.09-09.18.54:245][  0]LogTextureFormatOodle: Display: Oodle Texture 2.9.0 init RDO Off
[2021.12.09-09.18.54:282][  0]LogRendererCore: Ray tracing is disabled. Reason: r.RayTracing=0.
[2021.12.09-09.18.54:282][  0]LogShaderCompilers: Guid format shader working directory is -17 characters bigger than the processId version (../../../../../../Users/minhn/Documents/GitHub/DeathByDarkness/Intermediate/Shaders/WorkingDirectory/10284/).
[2021.12.09-09.18.54:282][  0]LogShaderCompilers: Cleaned the shader compiler working directory 'C:/Users/minhn/AppData/Local/Temp/UnrealShaderWorkingDir/B76A071D4B91DFDA42D501AC13D320D1/'.
[2021.12.09-09.18.54:282][  0]LogXGEController: Cannot use XGE Controller as Incredibuild is not installed on this machine.
[2021.12.09-09.18.54:282][  0]LogShaderCompilers: Cannot use XGE Shader Compiler as Incredibuild is not installed on this machine.
[2021.12.09-09.18.54:282][  0]LogShaderCompilers: Display: Using Local Shader Compiler.
[2021.12.09-09.18.55:143][  0]LogDerivedDataCache: Display: Max Cache Size: 512 MB
[2021.12.09-09.18.55:233][  0]LogDerivedDataCache: Loaded boot cache 0.09s 95MB C:/Users/minhn/AppData/Local/UnrealEngine/4.27/DerivedDataCache/Boot.ddc.
[2021.12.09-09.18.55:234][  0]LogDerivedDataCache: Display: Loaded Boot cache: C:/Users/minhn/AppData/Local/UnrealEngine/4.27/DerivedDataCache/Boot.ddc
[2021.12.09-09.18.55:234][  0]LogDerivedDataCache: FDerivedDataBackendGraph:  Pak pak cache file ../../../../../../Users/minhn/Documents/GitHub/DeathByDarkness/DerivedDataCache/DDC.ddp not found, will not use a pak cache.
[2021.12.09-09.18.55:234][  0]LogDerivedDataCache: Unable to find inner node Pak for hierarchical cache Hierarchy.
[2021.12.09-09.18.55:234][  0]LogDerivedDataCache: FDerivedDataBackendGraph:  CompressedPak pak cache file ../../../../../../Users/minhn/Documents/GitHub/DeathByDarkness/DerivedDataCache/Compressed.ddp not found, will not use a pak cache.
[2021.12.09-09.18.55:234][  0]LogDerivedDataCache: Unable to find inner node CompressedPak for hierarchical cache Hierarchy.
[2021.12.09-09.18.55:250][  0]LogDerivedDataCache: Display: Pak cache opened for reading ../../../Engine/DerivedDataCache/Compressed.ddp.
[2021.12.09-09.18.55:250][  0]LogDerivedDataCache: FDerivedDataBackendGraph:  EnterprisePak pak cache file ../../../Enterprise/DerivedDataCache/Compressed.ddp not found, will not use a pak cache.
[2021.12.09-09.18.55:250][  0]LogDerivedDataCache: Unable to find inner node EnterprisePak for hierarchical cache Hierarchy.
[2021.12.09-09.18.55:262][  0]LogDerivedDataCache: Speed tests for C:/Users/minhn/AppData/Local/UnrealEngine/Common/DerivedDataCache took 0.01 seconds
[2021.12.09-09.18.55:262][  0]LogDerivedDataCache: Display: Performance to C:/Users/minhn/AppData/Local/UnrealEngine/Common/DerivedDataCache: Latency=0.04ms. RandomReadSpeed=144.16MBs, RandomWriteSpeed=205.64MBs. Assigned SpeedClass 'Local'
[2021.12.09-09.18.55:263][  0]LogDerivedDataCache: Using Local data cache path C:/Users/minhn/AppData/Local/UnrealEngine/Common/DerivedDataCache: Writable
[2021.12.09-09.18.55:263][  0]LogDerivedDataCache: Shared data cache path not found in *engine.ini, will not use an Shared cache.
[2021.12.09-09.18.55:263][  0]LogDerivedDataCache: Unable to find inner node Shared for hierarchical cache Hierarchy.
[2021.12.09-09.18.55:298][  0]LogSlate: Using FreeType 2.10.0
[2021.12.09-09.18.55:299][  0]LogSlate: SlateFontServices - WITH_FREETYPE: 1, WITH_HARFBUZZ: 1
[2021.12.09-09.18.55:397][  0]LogInit: Using OS detected language (en-US).
[2021.12.09-09.18.55:397][  0]LogInit: Using OS detected locale (en-AU).
[2021.12.09-09.18.55:397][  0]LogTextLocalizationManager: No localization for 'en-US' exists, so 'en' will be used for the language.
[2021.12.09-09.18.55:397][  0]LogTextLocalizationManager: No localization for 'en-AU' exists, so 'en' will be used for the locale.
[2021.12.09-09.18.55:397][  0]LogSlate: FontCache flush requested. Reason: Culture for localization was changed
[2021.12.09-09.18.55:397][  0]LogSlate: FontCache flush requested. Reason: Culture for localization was changed
[2021.12.09-09.18.55:402][  0]LogTextLocalizationManager: Compacting localization data took   0.00ms
[2021.12.09-09.18.55:402][  0]LogAssetRegistry: FAssetRegistry took 0.0024 seconds to start up
[2021.12.09-09.18.55:557][  0]LogPackageLocalizationCache: Processed 28 localized package path(s) for 1 prioritized culture(s) in 0.001879 seconds
[2021.12.09-09.18.55:614][  0]LogInit: Selected Device Profile: [Windows]
[2021.12.09-09.18.55:614][  0]LogInit: Active device profile: [0000023096A89400][000002308D3A2440 49] Windows
[2021.12.09-09.18.55:614][  0]LogInit: Profiles: [0000023096A89400][000002308D3A2440 49] Windows, [0000023096A4EA00][000002308D3AA5C0 49] WindowsNoEditor, [0000023096A8AD00][000002308D3AE740 49] WindowsServer, [0000023096A4DB00][000002308D3B28C0 49] WindowsClient, [0000023096A8A100][000002308D3B6A40 49] IOS, [0000023096A4D100][000002308D3BABC0 49] iPadAir, [0000023096A89700][000002308D3BED40 49] iPadAir2, [00000230969F9000][000002308D3C7000 49] IPadPro, [00000230969F9100][000002308D3C3040 49] iPadAir3, [0000023096A4C200][000002308D3CB1C0 49] iPadAir4, [00000230969FBA00][000002308D3CF340 49] iPadMini2, [0000023096AD8100][00000230965ED4C0 49] iPadMini3, [00000230969FBF00][00000230965F1640 49] iPadMini4, [0000023096A8BF00][00000230965F57C0 49] iPadMini5, [00000230969E7F00][00000230965F9A00 49] iPhone6, [00000230969E7E00][000002308D3A7A40 49] iPodTouch6, [0000023096A8FC00][0000023096600100 49] iPhone7, [0000023096A8FD00][00000230965FC140 49] iPodTouch7, [0000023096A4E700][00000230966082C0 49] iPhone5S, [00000230969E4100][000002309660C440 49] iPhone6Plus, [0000023096A8C200][00000230966105C0 49] iPhone6S, [00000230969E6000][0000023096614740 49] iPhone6SPlus, [0000023096A8E100][00000230966188C0 49] iPhone7Plus, [0000023096A4D900][000002309661CA40 49] iPhoneSE, [0000023096A8D600][0000023096620BC0 49] iPhone8, [0000023096A4F700][0000023096624D40 49] iPhone8Plus, [0000023096A8F500][0000023096628EC0 49] iPhoneX, [0000023096A4C500][000002309662D040 49] iPhoneXS, [0000023096A8DC00][00000230966311C0 49] iPhoneXSMax, [0000023096A4C900][000002308D66D340 49] iPhoneXR, [0000023096A8EF00][000002308D6714C0 49] iPhone11, [0000023096A4C600][000002308D675640 49] iPhone11Pro, [0000023096A8F200][000002308D6797C0 49] iPhone11ProMax, [0000023096A4D200][000002308D67D940 49] iPhoneSE2, [0000023096A8D900][000002308D681AC0 49] iPhone12Mini, [0000023096A4D600][0000023096605C00 49] iPhone12, [0000023096A8F400][000002308D6841C0 49] iPhone12Pro, [0000023096A4D800][000002308D688300 49] iPhone12ProMax, [0000023096A8F700][000002308D690480 49] iPadPro105, [0000023096A4F300][000002308D694600 49] iPadPro129, [0000023096A8CC00][000002308D698780 49] iPadPro97, [0000023096A4EE00][000002308D69C900 49] iPadPro2_129, [0000023096A8E500][000002308D6A0A80 49] iPad5, [0000023096A4F200][000002308D6A4C00 49] iPad6, [0000023096A8D400][000002308D6A8D80 49] iPad7, [0000023096A4E600][000002308D6ACF00 49] iPad8, [0000023096A8D800][000002308D6B1080 49] iPadPro11, [0000023096A4CA00][000002308D6B5200 49] iPadPro2_11, [0000023096A8F000][0000023096881380 49] iPadPro3_129, [0000023096A4DA00][0000023096885500 49] iPadPro4_129, [0000023096A8C500][0000023096889680 49] AppleTV, [0000023096A4F000][000002309688D800 49] AppleTV4K, [0000023096A8D700][0000023096891980 49] TVOS, [0000023096A4CE00][0000023096895B00 49] Mac, [0000023096A8E200][0000023096898100 49] MacClient, [0000023096A4C800][000002308D68C240 49] MacNoEditor, [0000023096A8E000][000002309689C380 49] MacServer, [0000023096A4C100][00000230968A04C0 49] Linux, [0000023096A8C100][00000230968A8640 49] LinuxAArch64, [0000023096A4FE00][00000230968AC7C0 49] LinuxNoEditor, [0000023096A8C900][00000230968B0940 49] LinuxAArch64NoEditor, [0000023096A4CF00][00000230968B4AC0 49] LinuxClient, [0000023096A8F800][00000230968B8C40 49] LinuxAArch64Client, [0000023096A4F500][00000230968BCDC0 49] LinuxServer, [0000023096A8C300][00000230968C0F40 49] LinuxAArch64Server, [0000023096A4C700][00000230968C50C0 49] Android, [0000023096A8C800][00000230968C9240 49] Android_Low, [0000023096A4E400][00000230968CD3C0 49] Android_Mid, [0000023096A8D500][00000230968D1540 49] Android_High, [0000023096A4DD00][00000230968D56C0 49] Android_Default, [00000230969FB900][00000230968D9840 49] Android_Adreno4xx, [00000230969E6600][00000230968DD9C0 49] Android_Adreno5xx_Low, [00000230969FBB00][00000230968E1B40 49] Android_Adreno5xx, [00000230969E5300][00000230968E4140 49] Android_Adreno6xx, [00000230969FA100][00000230968E82C0 49] Android_Adreno6xx_Vulkan, [00000230969E5100][00000230968A4400 49] Android_Mali_T6xx, [00000230969FB800][00000230968EC540 49] Android_Mali_T7xx, [00000230969E7D00][00000230968F0680 49] Android_Mali_T8xx, [00000230969F9F00][00000230968F47C0 49] Android_Mali_G71, [00000230969E4300][00000230968FC940 49] Android_Mali_G72, [00000230969F9300][0000023096900AC0 49] Android_Mali_G72_Vulkan, [00000230969E6800][0000023096904C40 49] Android_Mali_G76, [00000230969F8100][0000023096908DC0 49] Android_Mali_G76_Vulkan, [00000230969E5900][000002309690CF40 49] Android_Mali_G77, [00000230969FAA00][00000230969110C0 49] Android_Mali_G77_Vulkan, [00000230969E6E00][0000023096915240 49] Android_Mali_G78, [00000230969FA300][00000230969193C0 49] Android_Mali_G78_Vulkan, [00000230969E6F00][000002309691D540 49] Android_Mali_G710, [00000230969F9D00][00000230969216C0 49] Android_Mali_G710_Vulkan, [00000230969E5C00][0000023096925840 49] Android_Vulkan_SM5, [00000230969F8300][00000230969299C0 49] Android_PowerVR_G6xxx, [00000230969E5B00][000002309692DB40 49] Android_PowerVR_GT7xxx, [00000230969F8600][0000023096930140 49] Android_PowerVR_GE8xxx, [00000230969E6B00][00000230969342C0 49] Android_PowerVR_GM9xxx, [00000230969F8900][0000023096938440 49] Android_PowerVR_GM9xxx_Vulkan, [00000230969E7900][00000230968F8580 49] Android_TegraK1, [00000230969F9700][000002309693C6C0 49] Android_Unknown_Vulkan, [00000230969E4F00][0000023096940800 49] Lumin, [0000023096A4E000][0000023096944940 49] Lumin_Desktop, [00000230969E6100][000002309694CAC0 49] HoloLens, 
[2021.12.09-09.18.55:737][  0]LogMeshReduction: Using QuadricMeshReduction for automatic static mesh reduction
[2021.12.09-09.18.55:737][  0]LogMeshReduction: Using SimplygonMeshReduction for automatic skeletal mesh reduction
[2021.12.09-09.18.55:737][  0]LogMeshReduction: Using ProxyLODMeshReduction for automatic mesh merging
[2021.12.09-09.18.55:737][  0]LogMeshReduction: No distributed automatic mesh merging module available
[2021.12.09-09.18.55:737][  0]LogMeshMerging: No distributed automatic mesh merging module available
[2021.12.09-09.18.55:754][  0]LogNetVersion: DeathByDarkness 1.0.0, NetCL: 17155196, EngineNetVer: 17, GameNetVer: 0 (Checksum: 2421853803)
[2021.12.09-09.18.56:029][  0]LogTexture: Default maximum texture size for cubemaps generated from long-lat sources has been changed from 512 to unlimited. In order to preserve old behaiour for '/Engine/MapTemplates/Sky/DaylightAmbientCubemap.DaylightAmbientCubemap', its maximum texture size has been explicitly set to 512.
[2021.12.09-09.18.56:099][  0]LogHMD: PokeAHoleMaterial loaded successfully
[2021.12.09-09.18.56:236][  0]LogMoviePlayer: Initializing movie player
[2021.12.09-09.18.56:681][  0]LogPython: Using Python 3.7.7
[2021.12.09-09.18.57:154][  0]LogNiagaraDebuggerClient: Niagara Debugger Client Initialized | Session: EA93E83C43DE7B7DD57078BAC8C5C90C | Instance: C637D3104FD84AA722B66CB339BE2D7E (DESKTOP-T9A3RBD-10284).
[2021.12.09-09.18.57:179][  0]LogCollectionManager: Loaded 0 collections in 0.001531 seconds
[2021.12.09-09.18.57:183][  0]LogFileCache: Scanning file cache for directory 'C:/Users/minhn/Documents/GitHub/DeathByDarkness/Saved/Collections/' took 0.00s
[2021.12.09-09.18.57:183][  0]LogFileCache: Scanning file cache for directory 'C:/Users/minhn/Documents/GitHub/DeathByDarkness/Content/Developers/minhn/Collections/' took 0.00s
[2021.12.09-09.18.57:183][  0]LogFileCache: Scanning file cache for directory 'C:/Users/minhn/Documents/GitHub/DeathByDarkness/Content/Collections/' took 0.00s
[2021.12.09-09.18.57:183][  0]LogCollectionManager: Fixed up redirectors for 0 collections in 0.000002 seconds (updated 0 objects)
[2021.12.09-09.18.57:216][  0]LogImageWrapper: Warning: PNG Warning: Duplicate iCCP chunk
[2021.12.09-09.18.57:216][  0]LogImageWrapper: Warning: PNG Warning: Duplicate iCCP chunk
[2021.12.09-09.18.57:216][  0]LogTcpMessaging: Initializing TcpMessaging bridge
[2021.12.09-09.18.57:220][  0]LogUdpMessaging: Initializing bridge on interface 0.0.0.0:0 to multicast group 230.0.0.1:6666.
[2021.12.09-09.18.57:335][  0]SourceControl: Source control is disabled
[2021.12.09-09.18.57:335][  0]SourceControl: Source control is disabled
[2021.12.09-09.18.57:338][  0]SourceControl: Source control is disabled
[2021.12.09-09.18.57:343][  0]LogUProjectInfo: Found projects:
[2021.12.09-09.18.57:429][  0]LogOpenImageDenoise: OIDN starting up
[2021.12.09-09.18.57:454][  0]LogAndroidPermission: UAndroidPermissionCallbackProxy::GetInstance
[2021.12.09-09.18.57:472][  0]LogAudioCaptureCore: Display: No Audio Capture implementations found. Audio input will be silent.
[2021.12.09-09.18.57:472][  0]LogAudioCaptureCore: Display: No Audio Capture implementations found. Audio input will be silent.
[2021.12.09-09.18.57:536][  0]LogOcInput: OculusInput pre-init called
[2021.12.09-09.18.57:545][  0]LogUObjectArray: 22121 objects as part of root set at end of initial load.
[2021.12.09-09.18.57:545][  0]LogUObjectAllocator: 5975440 out of 0 bytes used by permanent object pool.
[2021.12.09-09.18.57:546][  0]LogUObjectArray: CloseDisregardForGC: 0/0 objects in disregard for GC pool
[2021.12.09-09.18.57:591][  0]LogEngine: Initializing Engine...
[2021.12.09-09.18.57:593][  0]LogHMD: Failed to enumerate extensions. Please check that you have a valid OpenXR runtime installed.
[2021.12.09-09.18.57:593][  0]LogHMD: Failed to initialize OpenVR with code 110
[2021.12.09-09.18.57:593][  0]LogMagicLeap: Warning: VR disabled because ZI is not enabled.  To enable, in the editor, Edit -> Project Settings -> Plugins -> Magic Leap Plugin -> Enable Zero Iteration
[2021.12.09-09.18.57:595][  0]LogStats: UGameplayTagsManager::InitializeManager -  0.000 s
[2021.12.09-09.18.57:713][  0]LogInit: Initializing FReadOnlyCVARCache
[2021.12.09-09.18.57:713][  0]LogAudio: Display: Initializing Audio Device Manager...
[2021.12.09-09.18.57:718][  0]LogAudio: Display: Loading Default Audio Settings Objects...
[2021.12.09-09.18.57:718][  0]LogAudio: Display: No default SoundConcurrencyObject specified (or failed to load).
[2021.12.09-09.18.57:719][  0]LogAudio: Display: Audio Device Manager Initialized
[2021.12.09-09.18.57:719][  0]LogAudio: Display: Creating Audio Device:                 Id: 1, Scope: Shared, Realtime: True
[2021.12.09-09.18.57:719][  0]LogAudioMixer: Display: Audio Mixer Platform Settings:
[2021.12.09-09.18.57:719][  0]LogAudioMixer: Display: 	Sample Rate:						  48000
[2021.12.09-09.18.57:719][  0]LogAudioMixer: Display: 	Callback Buffer Frame Size Requested: 1024
[2021.12.09-09.18.57:719][  0]LogAudioMixer: Display: 	Callback Buffer Frame Size To Use:	  1024
[2021.12.09-09.18.57:719][  0]LogAudioMixer: Display: 	Number of buffers to queue:			  2
[2021.12.09-09.18.57:719][  0]LogAudioMixer: Display: 	Max Channels (voices):				  32
[2021.12.09-09.18.57:719][  0]LogAudioMixer: Display: 	Number of Async Source Workers:		  0
[2021.12.09-09.18.57:719][  0]LogAudio: Display: AudioDevice MaxSources: 32
[2021.12.09-09.18.57:719][  0]LogAudio: Display: Audio Spatialization Plugin: None (built-in).
[2021.12.09-09.18.57:719][  0]LogAudio: Display: Audio Reverb Plugin: None (built-in).
[2021.12.09-09.18.57:719][  0]LogAudio: Display: Audio Occlusion Plugin: None (built-in).
[2021.12.09-09.18.57:719][  0]LogAudioMixer: Display: Initializing audio mixer.
[2021.12.09-09.18.57:727][  0]LogAudioMixer: Display: 0: FrontLeft
[2021.12.09-09.18.57:727][  0]LogAudioMixer: Display: 1: FrontRight
[2021.12.09-09.18.57:747][  0]LogAudioMixer: Display: Using Audio Device Speakers (Realtek High Definition Audio)
[2021.12.09-09.18.57:752][  0]LogAudioMixer: Display: Initializing Sound Submixes...
[2021.12.09-09.18.57:755][  0]LogAudioMixer: Display: Creating Master Submix 'MasterSubmixDefault'
[2021.12.09-09.18.57:755][  0]LogAudioMixer: Display: Creating Master Submix 'MasterReverbSubmixDefault'
[2021.12.09-09.18.57:756][  0]LogAudioMixer: Display: Creating Master Submix 'MasterEQSubmixDefault'
[2021.12.09-09.18.57:756][  0]LogAudioMixer: FMixerPlatformXAudio2::StartAudioStream() called
[2021.12.09-09.18.57:756][  0]LogAudioMixer: Display: Output buffers initialized: Frames=1024, Channels=2, Samples=2048
[2021.12.09-09.18.57:757][  0]LogAudioMixer: Display: Starting AudioMixerPlatformInterface::RunInternal()
[2021.12.09-09.18.57:757][  0]LogAudioMixer: Display: FMixerPlatformXAudio2::SubmitBuffer() called for the first time
[2021.12.09-09.18.57:757][  0]LogInit: FAudioDevice initialized.
[2021.12.09-09.18.57:759][  0]LogNetVersion: Set ProjectVersion to 1.0.0.0. Version Checksum will be recalculated on next use.
[2021.12.09-09.18.57:760][  0]LogInit: Texture streaming: Enabled
[2021.12.09-09.18.57:850][  0]LogAudio: Display: Audio Device (ID: 1) registered with world 'Untitled'.
[2021.12.09-09.18.57:851][  0]LogSlate: Updating window title bar state: overlay mode, drag disabled, window buttons hidden, title bar hidden
[2021.12.09-09.18.57:853][  0]LogInit: Display: Game Engine Initialized.
[2021.12.09-09.18.57:853][  0]LogNiagaraEditor: GEditor isn't valid! Particle reset commands will not work for Niagara components!
[2021.12.09-09.18.57:987][  0]LogImageWrapper: Warning: PNG Warning: Duplicate iCCP chunk
[2021.12.09-09.18.57:987][  0]LogImageWrapper: Warning: PNG Warning: Duplicate iCCP chunk
[2021.12.09-09.18.57:987][  0]LogInit: Display: Starting Game.
[2021.12.09-09.18.57:988][  0]LogNet: Browse: /Game/Main_Level/Main_Menu?Name=Player
[2021.12.09-09.18.57:990][  0]LogLoad: LoadMap: /Game/Main_Level/Main_Menu?Name=Player
[2021.12.09-09.18.57:990][  0]LogWorld: BeginTearingDown for /Temp/Untitled_0
[2021.12.09-09.18.57:991][  0]LogWorld: UWorld::CleanupWorld for Untitled, bSessionEnded=true, bCleanupResources=true
[2021.12.09-09.18.57:991][  0]LogSlate: InvalidateAllWidgets triggered.  All widgets were invalidated
[2021.12.09-09.18.57:996][  0]LogAudio: Display: Audio Device unregistered from world 'None'.
[2021.12.09-09.18.57:999][  0]LogUObjectHash: Compacting FUObjectHashTables data took   0.67ms
[2021.12.09-09.18.58:555][  0]LogAudio: Display: Audio Device (ID: 1) registered with world 'Main_Menu'.
[2021.12.09-09.18.58:566][  0]LogAIModule: Creating AISystem for world Main_Menu
[2021.12.09-09.18.58:567][  0]LogLoad: Game class is 'MainMenu_GameMode_C'
[2021.12.09-09.18.58:571][  0]LogWorld: Bringing World /Game/Main_Level/Main_Menu.Main_Menu up for play (max tick rate 0) at 2021.12.09-20.18.58
[2021.12.09-09.18.58:574][  0]LogWorld: Bringing up level for play took: 0.005041
[2021.12.09-09.18.58:614][  0]LogViewport: Display: Viewport MouseLockMode Changed, LockOnCapture -> DoNotLock
[2021.12.09-09.18.58:614][  0]LogViewport: Display: Viewport HideCursorDuringCapture Changed, False -> True
[2021.12.09-09.18.58:614][  0]LogViewport: Display: Viewport MouseCaptureMode Changed, CapturePermanently_IncludingInitialMouseDown -> CaptureDuringMouseDown
[2021.12.09-09.18.58:618][  0]LogLoad: Took 0.627944 seconds to LoadMap(/Game/Main_Level/Main_Menu)
[2021.12.09-09.18.58:652][  0]LogRenderer: Reallocating scene render targets to support 712x448 Format 10 NumSamples 1 (Frame:1).
[2021.12.09-09.18.58:652][  0]LogSlate: Took 0.000850 seconds to synchronously load lazily loaded font '../../../Engine/Content/Slate/Fonts/Roboto-Regular.ttf' (155K)
[2021.12.09-09.18.58:681][  0]LogInit: Display: Engine is initialized. Leaving FEngineLoop::Init()
[2021.12.09-09.18.58:681][  0]LogLoad: (Engine Initialization) Total time: 6.90 seconds
[2021.12.09-09.18.58:681][  0]LogLoad: (Engine Initialization) Total Blueprint compile time: 0.00 seconds
[2021.12.09-09.18.58:708][  0]LogContentStreaming: Texture pool size now 1000 MB
[2021.12.09-09.18.58:715][  0]LogSlate: InvalidateAllWidgets triggered.  All widgets were invalidated
[2021.12.09-09.18.59:101][  0]LogRenderer: Reallocating scene render targets to support 128x128 Format 10 NumSamples 1 (Frame:1).
[2021.12.09-09.18.59:179][  0]LogRenderer: Reallocating scene render targets to support 712x448 Format 10 NumSamples 1 (Frame:2).
[2021.12.09-09.18.59:183][  0]LogStaticMesh: Allocated 504x128x64 distance field atlas = 7.9Mb, with 35 objects containing 4.4Mb backing data
[2021.12.09-09.18.59:247][  1]LogSlate: Took 0.000320 seconds to synchronously load lazily loaded font '../../../Engine/Content/Slate/Fonts/Roboto-Regular.ttf' (155K)
[2021.12.09-09.19.13:049][382]LogAudioMixer: Display: Audio Buffer Underrun (starvation) detected.
[2021.12.09-09.19.18:500][506]LogRenderer: Reallocating scene render targets to support 1536x864 Format 10 NumSamples 1 (Frame:508).
